<?xml version="1.0" encoding="utf-8"?><testsuites name="pytest tests"><testsuite name="pytest" errors="0" failures="0" skipped="50" tests="809" time="56.508" timestamp="2025-09-02T22:45:24.135148+00:00" hostname="8083f535d60f"><properties><property name="card" value="n150" /><property name="git_sha" value="fcc86c53900ac17a2c798622a8948dece1b12d5f" /></properties><testcase classname="experimental.test_mpmd_ops" name="test_binary_ops[multiple_meshes]" time="0.034"><properties><property name="op_name" value="multiple_meshes" /><property name="framework_op_name" value="multiple_meshes" /><property name="backend" value="ttnn" /><property name="frontend" value="shlo" /><property name="failure_stage" value="success" /></properties></testcase><testcase classname="optimizer.test_conv_sharding" name="test_conv2d_sharding[stride0-padding0-dilation0-1-dtypes0-shapes0]" time="0.000"><properties><property name="input_shapes" value="[[16, 32, 32, 64], [64, 64, 3, 3], [1, 1, 1, 64], [1, 1, 1, 64]]" /><property name="input_dtypes" value="['f32', 'f32', 'f32', 'f32']" /><property name="op_name" value="conv2d_sharding" /><property name="framework_op_name" value="conv2d_sharding" /><property name="backend" value="ttnn" /><property name="param_stride" value="[1, 1]" /><property name="param_padding" value="[1, 1]" /><property name="param_dilation" value="[1, 1]" /><property name="param_groups" value="1" /><property name="frontend" value="ttir" /></properties><skipped type="pytest.skip" message="Test requires --require-opmodel flag">/__w/tt-mlir/tt-mlir/test/python/golden/optimizer/test_conv_sharding.py:34: Test requires --require-opmodel flag</skipped></testcase><testcase classname="test_metal_layout" name="test_to_layout[ttmetal-False-2-3-2-2-1-1]" time="0.032"><properties><property name="op_name" value="to_layout" /><property name="framework_op_name" value="to_layout" /><property name="backend" value="ttmetal" /><property name="param_tiled" value="false" /><property name="param_shard_mul_x" value="2" /><property name="param_shard_mul_y" value="3" /><property name="param_output_grid_x" value="2" /><property name="param_output_grid_y" value="2" /><property name="param_input_grid_x" value="1" /><property name="param_input_grid_y" value="1" /><property name="frontend" value="ttir" /><property name="failure_stage" value="success" /></properties></testcase><testcase classname="test_metal_layout" name="test_to_layout[ttmetal-False-2-3-2-2-1-2]" time="0.027"><properties><property name="op_name" value="to_layout" /><property name="framework_op_name" value="to_layout" /><property name="backend" value="ttmetal" /><property name="param_tiled" value="false" /><property name="param_shard_mul_x" value="2" /><property name="param_shard_mul_y" value="3" /><property name="param_output_grid_x" value="2" /><property name="param_output_grid_y" value="2" /><property name="param_input_grid_x" value="1" /><property name="param_input_grid_y" value="2" /><property name="frontend" value="ttir" /><property name="failure_stage" value="success" /></properties></testcase><testcase classname="test_metal_layout" name="test_to_layout[ttmetal-False-2-3-2-2-1-3]" time="0.031"><properties><property name="op_name" value="to_layout" /><property name="framework_op_name" value="to_layout" /><property name="backend" value="ttmetal" /><property name="param_tiled" value="false" /><property name="param_shard_mul_x" value="2" /><property name="param_shard_mul_y" value="3" /><property name="param_output_grid_x" value="2" /><property name="param_output_grid_y" value="2" /><property name="param_input_grid_x" value="1" /><property name="param_input_grid_y" value="3" /><property name="frontend" value="ttir" /><property name="failure_stage" value="success" /></properties></testcase><testcase classname="test_metal_layout" name="test_to_layout[ttmetal-False-2-3-2-2-2-1]" time="0.052"><properties><property name="op_name" value="to_layout" /><property name="framework_op_name" value="to_layout" /><property name="backend" value="ttmetal" /><property name="param_tiled" value="false" /><property name="param_shard_mul_x" value="2" /><property name="param_shard_mul_y" value="3" /><property name="param_output_grid_x" value="2" /><property name="param_output_grid_y" value="2" /><property name="param_input_grid_x" value="2" /><property name="param_input_grid_y" value="1" /><property name="frontend" value="ttir" /><property name="failure_stage" value="success" /></properties></testcase><testcase classname="test_metal_layout" name="test_to_layout[ttmetal-False-2-3-2-2-2-2]" time="0.045"><properties><property name="op_name" value="to_layout" /><property name="framework_op_name" value="to_layout" /><property name="backend" value="ttmetal" /><property name="param_tiled" value="false" /><property name="param_shard_mul_x" value="2" /><property name="param_shard_mul_y" value="3" /><property name="param_output_grid_x" value="2" /><property name="param_output_grid_y" value="2" /><property name="param_input_grid_x" value="2" /><property name="param_input_grid_y" value="2" /><property name="frontend" value="ttir" /><property name="failure_stage" value="success" /></properties></testcase><testcase classname="test_metal_layout" name="test_to_layout[ttmetal-False-2-3-2-2-2-3]" time="0.060"><properties><property name="op_name" value="to_layout" /><property name="framework_op_name" value="to_layout" /><property name="backend" value="ttmetal" /><property name="param_tiled" value="false" /><property name="param_shard_mul_x" value="2" /><property name="param_shard_mul_y" value="3" /><property name="param_output_grid_x" value="2" /><property name="param_output_grid_y" value="2" /><property name="param_input_grid_x" value="2" /><property name="param_input_grid_y" value="3" /><property name="frontend" value="ttir" /><property name="failure_stage" value="success" /></properties></testcase><testcase classname="test_metal_layout" name="test_to_layout[ttmetal-False-2-3-2-2-3-1]" time="0.077"><properties><property name="op_name" value="to_layout" /><property name="framework_op_name" value="to_layout" /><property name="backend" value="ttmetal" /><property name="param_tiled" value="false" /><property name="param_shard_mul_x" value="2" /><property name="param_shard_mul_y" value="3" /><property name="param_output_grid_x" value="2" /><property name="param_output_grid_y" value="2" /><property name="param_input_grid_x" value="3" /><property name="param_input_grid_y" value="1" /><property name="frontend" value="ttir" /><property name="failure_stage" value="success" /></properties></testcase><testcase classname="test_metal_layout" name="test_to_layout[ttmetal-False-2-3-2-2-3-2]" time="0.055"><properties><property name="op_name" value="to_layout" /><property name="framework_op_name" value="to_layout" /><property name="backend" value="ttmetal" /><property name="param_tiled" value="false" /><property name="param_shard_mul_x" value="2" /><property name="param_shard_mul_y" value="3" /><property name="param_output_grid_x" value="2" /><property name="param_output_grid_y" value="2" /><property name="param_input_grid_x" value="3" /><property name="param_input_grid_y" value="2" /><property name="frontend" value="ttir" /><property name="failure_stage" value="success" /></properties></testcase><testcase classname="test_metal_layout" name="test_to_layout[ttmetal-False-2-3-2-2-3-3]" time="0.042"><properties><property name="op_name" value="to_layout" /><property name="framework_op_name" value="to_layout" /><property name="backend" value="ttmetal" /><property name="param_tiled" value="false" /><property name="param_shard_mul_x" value="2" /><property name="param_shard_mul_y" value="3" /><property name="param_output_grid_x" value="2" /><property name="param_output_grid_y" value="2" /><property name="param_input_grid_x" value="3" /><property name="param_input_grid_y" value="3" /><property name="frontend" value="ttir" /><property name="failure_stage" value="success" /></properties></testcase><testcase classname="test_metal_layout" name="test_to_layout[ttmetal-False-2-3-2-3-1-1]" time="0.072"><properties><property name="op_name" value="to_layout" /><property name="framework_op_name" value="to_layout" /><property name="backend" value="ttmetal" /><property name="param_tiled" value="false" /><property name="param_shard_mul_x" value="2" /><property name="param_shard_mul_y" value="3" /><property name="param_output_grid_x" value="2" /><property name="param_output_grid_y" value="3" /><property name="param_input_grid_x" value="1" /><property name="param_input_grid_y" value="1" /><property name="frontend" value="ttir" /><property name="failure_stage" value="success" /></properties></testcase><testcase classname="test_metal_layout" name="test_to_layout[ttmetal-False-2-3-2-3-1-2]" time="0.094"><properties><property name="op_name" value="to_layout" /><property name="framework_op_name" value="to_layout" /><property name="backend" value="ttmetal" /><property name="param_tiled" value="false" /><property name="param_shard_mul_x" value="2" /><property name="param_shard_mul_y" value="3" /><property name="param_output_grid_x" value="2" /><property name="param_output_grid_y" value="3" /><property name="param_input_grid_x" value="1" /><property name="param_input_grid_y" value="2" /><property name="frontend" value="ttir" /><property name="failure_stage" value="success" /></properties></testcase><testcase classname="test_metal_layout" name="test_to_layout[ttmetal-False-2-3-2-3-1-3]" time="0.072"><properties><property name="op_name" value="to_layout" /><property name="framework_op_name" value="to_layout" /><property name="backend" value="ttmetal" /><property name="param_tiled" value="false" /><property name="param_shard_mul_x" value="2" /><property name="param_shard_mul_y" value="3" /><property name="param_output_grid_x" value="2" /><property name="param_output_grid_y" value="3" /><property name="param_input_grid_x" value="1" /><property name="param_input_grid_y" value="3" /><property name="frontend" value="ttir" /><property name="failure_stage" value="success" /></properties></testcase><testcase classname="test_metal_layout" name="test_to_layout[ttmetal-False-2-3-2-3-2-1]" time="0.820"><properties><property name="op_name" value="to_layout" /><property name="framework_op_name" value="to_layout" /><property name="backend" value="ttmetal" /><property name="param_tiled" value="false" /><property name="param_shard_mul_x" value="2" /><property name="param_shard_mul_y" value="3" /><property name="param_output_grid_x" value="2" /><property name="param_output_grid_y" value="3" /><property name="param_input_grid_x" value="2" /><property name="param_input_grid_y" value="1" /><property name="frontend" value="ttir" /><property name="failure_stage" value="success" /></properties></testcase><testcase classname="test_metal_layout" name="test_to_layout[ttmetal-False-2-3-2-3-2-2]" time="0.612"><properties><property name="op_name" value="to_layout" /><property name="framework_op_name" value="to_layout" /><property name="backend" value="ttmetal" /><property name="param_tiled" value="false" /><property name="param_shard_mul_x" value="2" /><property name="param_shard_mul_y" value="3" /><property name="param_output_grid_x" value="2" /><property name="param_output_grid_y" value="3" /><property name="param_input_grid_x" value="2" /><property name="param_input_grid_y" value="2" /><property name="frontend" value="ttir" /><property name="failure_stage" value="success" /></properties></testcase><testcase classname="test_metal_layout" name="test_to_layout[ttmetal-False-2-3-2-3-2-3]" time="0.072"><properties><property name="op_name" value="to_layout" /><property name="framework_op_name" value="to_layout" /><property name="backend" value="ttmetal" /><property name="param_tiled" value="false" /><property name="param_shard_mul_x" value="2" /><property name="param_shard_mul_y" value="3" /><property name="param_output_grid_x" value="2" /><property name="param_output_grid_y" value="3" /><property name="param_input_grid_x" value="2" /><property name="param_input_grid_y" value="3" /><property name="frontend" value="ttir" /><property name="failure_stage" value="success" /></properties></testcase><testcase classname="test_metal_layout" name="test_to_layout[ttmetal-False-2-3-2-3-3-1]" time="0.157"><properties><property name="op_name" value="to_layout" /><property name="framework_op_name" value="to_layout" /><property name="backend" value="ttmetal" /><property name="param_tiled" value="false" /><property name="param_shard_mul_x" value="2" /><property name="param_shard_mul_y" value="3" /><property name="param_output_grid_x" value="2" /><property name="param_output_grid_y" value="3" /><property name="param_input_grid_x" value="3" /><property name="param_input_grid_y" value="1" /><property name="frontend" value="ttir" /><property name="failure_stage" value="success" /></properties></testcase><testcase classname="test_metal_layout" name="test_to_layout[ttmetal-False-2-3-2-3-3-2]" time="0.061"><properties><property name="op_name" value="to_layout" /><property name="framework_op_name" value="to_layout" /><property name="backend" value="ttmetal" /><property name="param_tiled" value="false" /><property name="param_shard_mul_x" value="2" /><property name="param_shard_mul_y" value="3" /><property name="param_output_grid_x" value="2" /><property name="param_output_grid_y" value="3" /><property name="param_input_grid_x" value="3" /><property name="param_input_grid_y" value="2" /><property name="frontend" value="ttir" /><property name="failure_stage" value="success" /></properties></testcase><testcase classname="test_metal_layout" name="test_to_layout[ttmetal-False-2-3-2-3-3-3]" time="0.045"><properties><property name="op_name" value="to_layout" /><property name="framework_op_name" value="to_layout" /><property name="backend" value="ttmetal" /><property name="param_tiled" value="false" /><property name="param_shard_mul_x" value="2" /><property name="param_shard_mul_y" value="3" /><property name="param_output_grid_x" value="2" /><property name="param_output_grid_y" value="3" /><property name="param_input_grid_x" value="3" /><property name="param_input_grid_y" value="3" /><property name="frontend" value="ttir" /><property name="failure_stage" value="success" /></properties></testcase><testcase classname="test_metal_layout" name="test_to_layout[ttmetal-False-2-3-2-4-1-1]" time="0.033"><properties><property name="op_name" value="to_layout" /><property name="framework_op_name" value="to_layout" /><property name="backend" value="ttmetal" /><property name="param_tiled" value="false" /><property name="param_shard_mul_x" value="2" /><property name="param_shard_mul_y" value="3" /><property name="param_output_grid_x" value="2" /><property name="param_output_grid_y" value="4" /><property name="param_input_grid_x" value="1" /><property name="param_input_grid_y" value="1" /><property name="frontend" value="ttir" /><property name="failure_stage" value="success" /></properties></testcase><testcase classname="test_metal_layout" name="test_to_layout[ttmetal-False-2-3-2-4-1-2]" time="0.046"><properties><property name="op_name" value="to_layout" /><property name="framework_op_name" value="to_layout" /><property name="backend" value="ttmetal" /><property name="param_tiled" value="false" /><property name="param_shard_mul_x" value="2" /><property name="param_shard_mul_y" value="3" /><property name="param_output_grid_x" value="2" /><property name="param_output_grid_y" value="4" /><property name="param_input_grid_x" value="1" /><property name="param_input_grid_y" value="2" /><property name="frontend" value="ttir" /><property name="failure_stage" value="success" /></properties></testcase><testcase classname="test_metal_layout" name="test_to_layout[ttmetal-False-2-3-2-4-1-3]" time="0.056"><properties><property name="op_name" value="to_layout" /><property name="framework_op_name" value="to_layout" /><property name="backend" value="ttmetal" /><property name="param_tiled" value="false" /><property name="param_shard_mul_x" value="2" /><property name="param_shard_mul_y" value="3" /><property name="param_output_grid_x" value="2" /><property name="param_output_grid_y" value="4" /><property name="param_input_grid_x" value="1" /><property name="param_input_grid_y" value="3" /><property name="frontend" value="ttir" /><property name="failure_stage" value="success" /></properties></testcase><testcase classname="test_metal_layout" name="test_to_layout[ttmetal-False-2-3-2-4-2-1]" time="0.058"><properties><property name="op_name" value="to_layout" /><property name="framework_op_name" value="to_layout" /><property name="backend" value="ttmetal" /><property name="param_tiled" value="false" /><property name="param_shard_mul_x" value="2" /><property name="param_shard_mul_y" value="3" /><property name="param_output_grid_x" value="2" /><property name="param_output_grid_y" value="4" /><property name="param_input_grid_x" value="2" /><property name="param_input_grid_y" value="1" /><property name="frontend" value="ttir" /><property name="failure_stage" value="success" /></properties></testcase><testcase classname="test_metal_layout" name="test_to_layout[ttmetal-False-2-3-2-4-2-2]" time="0.029"><properties><property name="op_name" value="to_layout" /><property name="framework_op_name" value="to_layout" /><property name="backend" value="ttmetal" /><property name="param_tiled" value="false" /><property name="param_shard_mul_x" value="2" /><property name="param_shard_mul_y" value="3" /><property name="param_output_grid_x" value="2" /><property name="param_output_grid_y" value="4" /><property name="param_input_grid_x" value="2" /><property name="param_input_grid_y" value="2" /><property name="frontend" value="ttir" /><property name="failure_stage" value="success" /></properties></testcase><testcase classname="test_metal_layout" name="test_to_layout[ttmetal-False-2-3-2-4-2-3]" time="0.073"><properties><property name="op_name" value="to_layout" /><property name="framework_op_name" value="to_layout" /><property name="backend" value="ttmetal" /><property name="param_tiled" value="false" /><property name="param_shard_mul_x" value="2" /><property name="param_shard_mul_y" value="3" /><property name="param_output_grid_x" value="2" /><property name="param_output_grid_y" value="4" /><property name="param_input_grid_x" value="2" /><property name="param_input_grid_y" value="3" /><property name="frontend" value="ttir" /><property name="failure_stage" value="success" /></properties></testcase><testcase classname="test_metal_layout" name="test_to_layout[ttmetal-False-2-3-2-4-3-1]" time="0.035"><properties><property name="op_name" value="to_layout" /><property name="framework_op_name" value="to_layout" /><property name="backend" value="ttmetal" /><property name="param_tiled" value="false" /><property name="param_shard_mul_x" value="2" /><property name="param_shard_mul_y" value="3" /><property name="param_output_grid_x" value="2" /><property name="param_output_grid_y" value="4" /><property name="param_input_grid_x" value="3" /><property name="param_input_grid_y" value="1" /><property name="frontend" value="ttir" /><property name="failure_stage" value="success" /></properties></testcase><testcase classname="test_metal_layout" name="test_to_layout[ttmetal-False-2-3-2-4-3-2]" time="0.070"><properties><property name="op_name" value="to_layout" /><property name="framework_op_name" value="to_layout" /><property name="backend" value="ttmetal" /><property name="param_tiled" value="false" /><property name="param_shard_mul_x" value="2" /><property name="param_shard_mul_y" value="3" /><property name="param_output_grid_x" value="2" /><property name="param_output_grid_y" value="4" /><property name="param_input_grid_x" value="3" /><property name="param_input_grid_y" value="2" /><property name="frontend" value="ttir" /><property name="failure_stage" value="success" /></properties></testcase><testcase classname="test_metal_layout" name="test_to_layout[ttmetal-False-2-3-2-4-3-3]" time="0.027"><properties><property name="op_name" value="to_layout" /><property name="framework_op_name" value="to_layout" /><property name="backend" value="ttmetal" /><property name="param_tiled" value="false" /><property name="param_shard_mul_x" value="2" /><property name="param_shard_mul_y" value="3" /><property name="param_output_grid_x" value="2" /><property name="param_output_grid_y" value="4" /><property name="param_input_grid_x" value="3" /><property name="param_input_grid_y" value="3" /><property name="frontend" value="ttir" /><property name="failure_stage" value="success" /></properties></testcase><testcase classname="test_metal_layout" name="test_to_layout[ttmetal-False-2-3-3-2-1-1]" time="0.026"><properties><property name="op_name" value="to_layout" /><property name="framework_op_name" value="to_layout" /><property name="backend" value="ttmetal" /><property name="param_tiled" value="false" /><property name="param_shard_mul_x" value="2" /><property name="param_shard_mul_y" value="3" /><property name="param_output_grid_x" value="3" /><property name="param_output_grid_y" value="2" /><property name="param_input_grid_x" value="1" /><property name="param_input_grid_y" value="1" /><property name="frontend" value="ttir" /><property name="failure_stage" value="success" /></properties></testcase><testcase classname="test_metal_layout" name="test_to_layout[ttmetal-False-2-3-3-2-1-2]" time="0.026"><properties><property name="op_name" value="to_layout" /><property name="framework_op_name" value="to_layout" /><property name="backend" value="ttmetal" /><property name="param_tiled" value="false" /><property name="param_shard_mul_x" value="2" /><property name="param_shard_mul_y" value="3" /><property name="param_output_grid_x" value="3" /><property name="param_output_grid_y" value="2" /><property name="param_input_grid_x" value="1" /><property name="param_input_grid_y" value="2" /><property name="frontend" value="ttir" /><property name="failure_stage" value="success" /></properties></testcase><testcase classname="test_metal_layout" name="test_to_layout[ttmetal-False-2-3-3-2-1-3]" time="0.042"><properties><property name="op_name" value="to_layout" /><property name="framework_op_name" value="to_layout" /><property name="backend" value="ttmetal" /><property name="param_tiled" value="false" /><property name="param_shard_mul_x" value="2" /><property name="param_shard_mul_y" value="3" /><property name="param_output_grid_x" value="3" /><property name="param_output_grid_y" value="2" /><property name="param_input_grid_x" value="1" /><property name="param_input_grid_y" value="3" /><property name="frontend" value="ttir" /><property name="failure_stage" value="success" /></properties></testcase><testcase classname="test_metal_layout" name="test_to_layout[ttmetal-False-2-3-3-2-2-1]" time="0.041"><properties><property name="op_name" value="to_layout" /><property name="framework_op_name" value="to_layout" /><property name="backend" value="ttmetal" /><property name="param_tiled" value="false" /><property name="param_shard_mul_x" value="2" /><property name="param_shard_mul_y" value="3" /><property name="param_output_grid_x" value="3" /><property name="param_output_grid_y" value="2" /><property name="param_input_grid_x" value="2" /><property name="param_input_grid_y" value="1" /><property name="frontend" value="ttir" /><property name="failure_stage" value="success" /></properties></testcase><testcase classname="test_metal_layout" name="test_to_layout[ttmetal-False-2-3-3-2-2-2]" time="0.053"><properties><property name="op_name" value="to_layout" /><property name="framework_op_name" value="to_layout" /><property name="backend" value="ttmetal" /><property name="param_tiled" value="false" /><property name="param_shard_mul_x" value="2" /><property name="param_shard_mul_y" value="3" /><property name="param_output_grid_x" value="3" /><property name="param_output_grid_y" value="2" /><property name="param_input_grid_x" value="2" /><property name="param_input_grid_y" value="2" /><property name="frontend" value="ttir" /><property name="failure_stage" value="success" /></properties></testcase><testcase classname="test_metal_layout" name="test_to_layout[ttmetal-False-2-3-3-2-2-3]" time="0.027"><properties><property name="op_name" value="to_layout" /><property name="framework_op_name" value="to_layout" /><property name="backend" value="ttmetal" /><property name="param_tiled" value="false" /><property name="param_shard_mul_x" value="2" /><property name="param_shard_mul_y" value="3" /><property name="param_output_grid_x" value="3" /><property name="param_output_grid_y" value="2" /><property name="param_input_grid_x" value="2" /><property name="param_input_grid_y" value="3" /><property name="frontend" value="ttir" /><property name="failure_stage" value="success" /></properties></testcase><testcase classname="test_metal_layout" name="test_to_layout[ttmetal-False-2-3-3-2-3-1]" time="0.027"><properties><property name="op_name" value="to_layout" /><property name="framework_op_name" value="to_layout" /><property name="backend" value="ttmetal" /><property name="param_tiled" value="false" /><property name="param_shard_mul_x" value="2" /><property name="param_shard_mul_y" value="3" /><property name="param_output_grid_x" value="3" /><property name="param_output_grid_y" value="2" /><property name="param_input_grid_x" value="3" /><property name="param_input_grid_y" value="1" /><property name="frontend" value="ttir" /><property name="failure_stage" value="success" /></properties></testcase><testcase classname="test_metal_layout" name="test_to_layout[ttmetal-False-2-3-3-2-3-2]" time="0.070"><properties><property name="op_name" value="to_layout" /><property name="framework_op_name" value="to_layout" /><property name="backend" value="ttmetal" /><property name="param_tiled" value="false" /><property name="param_shard_mul_x" value="2" /><property name="param_shard_mul_y" value="3" /><property name="param_output_grid_x" value="3" /><property name="param_output_grid_y" value="2" /><property name="param_input_grid_x" value="3" /><property name="param_input_grid_y" value="2" /><property name="frontend" value="ttir" /><property name="failure_stage" value="success" /></properties></testcase><testcase classname="test_metal_layout" name="test_to_layout[ttmetal-False-2-3-3-2-3-3]" time="0.034"><properties><property name="op_name" value="to_layout" /><property name="framework_op_name" value="to_layout" /><property name="backend" value="ttmetal" /><property name="param_tiled" value="false" /><property name="param_shard_mul_x" value="2" /><property name="param_shard_mul_y" value="3" /><property name="param_output_grid_x" value="3" /><property name="param_output_grid_y" value="2" /><property name="param_input_grid_x" value="3" /><property name="param_input_grid_y" value="3" /><property name="frontend" value="ttir" /><property name="failure_stage" value="success" /></properties></testcase><testcase classname="test_metal_layout" name="test_to_layout[ttmetal-False-2-3-3-3-1-1]" time="0.032"><properties><property name="op_name" value="to_layout" /><property name="framework_op_name" value="to_layout" /><property name="backend" value="ttmetal" /><property name="param_tiled" value="false" /><property name="param_shard_mul_x" value="2" /><property name="param_shard_mul_y" value="3" /><property name="param_output_grid_x" value="3" /><property name="param_output_grid_y" value="3" /><property name="param_input_grid_x" value="1" /><property name="param_input_grid_y" value="1" /><property name="frontend" value="ttir" /><property name="failure_stage" value="success" /></properties></testcase><testcase classname="test_metal_layout" name="test_to_layout[ttmetal-False-2-3-3-3-1-2]" time="0.032"><properties><property name="op_name" value="to_layout" /><property name="framework_op_name" value="to_layout" /><property name="backend" value="ttmetal" /><property name="param_tiled" value="false" /><property name="param_shard_mul_x" value="2" /><property name="param_shard_mul_y" value="3" /><property name="param_output_grid_x" value="3" /><property name="param_output_grid_y" value="3" /><property name="param_input_grid_x" value="1" /><property name="param_input_grid_y" value="2" /><property name="frontend" value="ttir" /><property name="failure_stage" value="success" /></properties></testcase><testcase classname="test_metal_layout" name="test_to_layout[ttmetal-False-2-3-3-3-1-3]" time="0.027"><properties><property name="op_name" value="to_layout" /><property name="framework_op_name" value="to_layout" /><property name="backend" value="ttmetal" /><property name="param_tiled" value="false" /><property name="param_shard_mul_x" value="2" /><property name="param_shard_mul_y" value="3" /><property name="param_output_grid_x" value="3" /><property name="param_output_grid_y" value="3" /><property name="param_input_grid_x" value="1" /><property name="param_input_grid_y" value="3" /><property name="frontend" value="ttir" /><property name="failure_stage" value="success" /></properties></testcase><testcase classname="test_metal_layout" name="test_to_layout[ttmetal-False-2-3-3-3-2-1]" time="0.034"><properties><property name="op_name" value="to_layout" /><property name="framework_op_name" value="to_layout" /><property name="backend" value="ttmetal" /><property name="param_tiled" value="false" /><property name="param_shard_mul_x" value="2" /><property name="param_shard_mul_y" value="3" /><property name="param_output_grid_x" value="3" /><property name="param_output_grid_y" value="3" /><property name="param_input_grid_x" value="2" /><property name="param_input_grid_y" value="1" /><property name="frontend" value="ttir" /><property name="failure_stage" value="success" /></properties></testcase><testcase classname="test_metal_layout" name="test_to_layout[ttmetal-False-2-3-3-3-2-2]" time="0.073"><properties><property name="op_name" value="to_layout" /><property name="framework_op_name" value="to_layout" /><property name="backend" value="ttmetal" /><property name="param_tiled" value="false" /><property name="param_shard_mul_x" value="2" /><property name="param_shard_mul_y" value="3" /><property name="param_output_grid_x" value="3" /><property name="param_output_grid_y" value="3" /><property name="param_input_grid_x" value="2" /><property name="param_input_grid_y" value="2" /><property name="frontend" value="ttir" /><property name="failure_stage" value="success" /></properties></testcase><testcase classname="test_metal_layout" name="test_to_layout[ttmetal-False-2-3-3-3-2-3]" time="0.029"><properties><property name="op_name" value="to_layout" /><property name="framework_op_name" value="to_layout" /><property name="backend" value="ttmetal" /><property name="param_tiled" value="false" /><property name="param_shard_mul_x" value="2" /><property name="param_shard_mul_y" value="3" /><property name="param_output_grid_x" value="3" /><property name="param_output_grid_y" value="3" /><property name="param_input_grid_x" value="2" /><property name="param_input_grid_y" value="3" /><property name="frontend" value="ttir" /><property name="failure_stage" value="success" /></properties></testcase><testcase classname="test_metal_layout" name="test_to_layout[ttmetal-False-2-3-3-3-3-1]" time="0.029"><properties><property name="op_name" value="to_layout" /><property name="framework_op_name" value="to_layout" /><property name="backend" value="ttmetal" /><property name="param_tiled" value="false" /><property name="param_shard_mul_x" value="2" /><property name="param_shard_mul_y" value="3" /><property name="param_output_grid_x" value="3" /><property name="param_output_grid_y" value="3" /><property name="param_input_grid_x" value="3" /><property name="param_input_grid_y" value="1" /><property name="frontend" value="ttir" /><property name="failure_stage" value="success" /></properties></testcase><testcase classname="test_metal_layout" name="test_to_layout[ttmetal-False-2-3-3-3-3-2]" time="0.042"><properties><property name="op_name" value="to_layout" /><property name="framework_op_name" value="to_layout" /><property name="backend" value="ttmetal" /><property name="param_tiled" value="false" /><property name="param_shard_mul_x" value="2" /><property name="param_shard_mul_y" value="3" /><property name="param_output_grid_x" value="3" /><property name="param_output_grid_y" value="3" /><property name="param_input_grid_x" value="3" /><property name="param_input_grid_y" value="2" /><property name="frontend" value="ttir" /><property name="failure_stage" value="success" /></properties></testcase><testcase classname="test_metal_layout" name="test_to_layout[ttmetal-False-2-3-3-3-3-3]" time="0.026"><properties><property name="op_name" value="to_layout" /><property name="framework_op_name" value="to_layout" /><property name="backend" value="ttmetal" /><property name="param_tiled" value="false" /><property name="param_shard_mul_x" value="2" /><property name="param_shard_mul_y" value="3" /><property name="param_output_grid_x" value="3" /><property name="param_output_grid_y" value="3" /><property name="param_input_grid_x" value="3" /><property name="param_input_grid_y" value="3" /><property name="frontend" value="ttir" /><property name="failure_stage" value="success" /></properties></testcase><testcase classname="test_metal_layout" name="test_to_layout[ttmetal-False-2-3-3-4-1-1]" time="0.960"><properties><property name="op_name" value="to_layout" /><property name="framework_op_name" value="to_layout" /><property name="backend" value="ttmetal" /><property name="param_tiled" value="false" /><property name="param_shard_mul_x" value="2" /><property name="param_shard_mul_y" value="3" /><property name="param_output_grid_x" value="3" /><property name="param_output_grid_y" value="4" /><property name="param_input_grid_x" value="1" /><property name="param_input_grid_y" value="1" /><property name="frontend" value="ttir" /><property name="failure_stage" value="success" /></properties></testcase><testcase classname="test_metal_layout" name="test_to_layout[ttmetal-False-2-3-3-4-1-2]" time="0.029"><properties><property name="op_name" value="to_layout" /><property name="framework_op_name" value="to_layout" /><property name="backend" value="ttmetal" /><property name="param_tiled" value="false" /><property name="param_shard_mul_x" value="2" /><property name="param_shard_mul_y" value="3" /><property name="param_output_grid_x" value="3" /><property name="param_output_grid_y" value="4" /><property name="param_input_grid_x" value="1" /><property name="param_input_grid_y" value="2" /><property name="frontend" value="ttir" /><property name="failure_stage" value="success" /></properties></testcase><testcase classname="test_metal_layout" name="test_to_layout[ttmetal-False-2-3-3-4-1-3]" time="0.031"><properties><property name="op_name" value="to_layout" /><property name="framework_op_name" value="to_layout" /><property name="backend" value="ttmetal" /><property name="param_tiled" value="false" /><property name="param_shard_mul_x" value="2" /><property name="param_shard_mul_y" value="3" /><property name="param_output_grid_x" value="3" /><property name="param_output_grid_y" value="4" /><property name="param_input_grid_x" value="1" /><property name="param_input_grid_y" value="3" /><property name="frontend" value="ttir" /><property name="failure_stage" value="success" /></properties></testcase><testcase classname="test_metal_layout" name="test_to_layout[ttmetal-False-2-3-3-4-2-1]" time="0.041"><properties><property name="op_name" value="to_layout" /><property name="framework_op_name" value="to_layout" /><property name="backend" value="ttmetal" /><property name="param_tiled" value="false" /><property name="param_shard_mul_x" value="2" /><property name="param_shard_mul_y" value="3" /><property name="param_output_grid_x" value="3" /><property name="param_output_grid_y" value="4" /><property name="param_input_grid_x" value="2" /><property name="param_input_grid_y" value="1" /><property name="frontend" value="ttir" /><property name="failure_stage" value="success" /></properties></testcase><testcase classname="test_metal_layout" name="test_to_layout[ttmetal-False-2-3-3-4-2-2]" time="1.131"><properties><property name="op_name" value="to_layout" /><property name="framework_op_name" value="to_layout" /><property name="backend" value="ttmetal" /><property name="param_tiled" value="false" /><property name="param_shard_mul_x" value="2" /><property name="param_shard_mul_y" value="3" /><property name="param_output_grid_x" value="3" /><property name="param_output_grid_y" value="4" /><property name="param_input_grid_x" value="2" /><property name="param_input_grid_y" value="2" /><property name="frontend" value="ttir" /><property name="failure_stage" value="success" /></properties></testcase><testcase classname="test_metal_layout" name="test_to_layout[ttmetal-False-2-3-3-4-2-3]" time="0.049"><properties><property name="op_name" value="to_layout" /><property name="framework_op_name" value="to_layout" /><property name="backend" value="ttmetal" /><property name="param_tiled" value="false" /><property name="param_shard_mul_x" value="2" /><property name="param_shard_mul_y" value="3" /><property name="param_output_grid_x" value="3" /><property name="param_output_grid_y" value="4" /><property name="param_input_grid_x" value="2" /><property name="param_input_grid_y" value="3" /><property name="frontend" value="ttir" /><property name="failure_stage" value="success" /></properties></testcase><testcase classname="test_metal_layout" name="test_to_layout[ttmetal-False-2-3-3-4-3-1]" time="0.037"><properties><property name="op_name" value="to_layout" /><property name="framework_op_name" value="to_layout" /><property name="backend" value="ttmetal" /><property name="param_tiled" value="false" /><property name="param_shard_mul_x" value="2" /><property name="param_shard_mul_y" value="3" /><property name="param_output_grid_x" value="3" /><property name="param_output_grid_y" value="4" /><property name="param_input_grid_x" value="3" /><property name="param_input_grid_y" value="1" /><property name="frontend" value="ttir" /><property name="failure_stage" value="success" /></properties></testcase><testcase classname="test_metal_layout" name="test_to_layout[ttmetal-False-2-3-3-4-3-2]" time="0.037"><properties><property name="op_name" value="to_layout" /><property name="framework_op_name" value="to_layout" /><property name="backend" value="ttmetal" /><property name="param_tiled" value="false" /><property name="param_shard_mul_x" value="2" /><property name="param_shard_mul_y" value="3" /><property name="param_output_grid_x" value="3" /><property name="param_output_grid_y" value="4" /><property name="param_input_grid_x" value="3" /><property name="param_input_grid_y" value="2" /><property name="frontend" value="ttir" /><property name="failure_stage" value="success" /></properties></testcase><testcase classname="test_metal_layout" name="test_to_layout[ttmetal-False-2-3-3-4-3-3]" time="0.037"><properties><property name="op_name" value="to_layout" /><property name="framework_op_name" value="to_layout" /><property name="backend" value="ttmetal" /><property name="param_tiled" value="false" /><property name="param_shard_mul_x" value="2" /><property name="param_shard_mul_y" value="3" /><property name="param_output_grid_x" value="3" /><property name="param_output_grid_y" value="4" /><property name="param_input_grid_x" value="3" /><property name="param_input_grid_y" value="3" /><property name="frontend" value="ttir" /><property name="failure_stage" value="success" /></properties></testcase><testcase classname="test_metal_layout" name="test_to_layout[ttmetal-False-2-3-4-2-1-1]" time="0.072"><properties><property name="op_name" value="to_layout" /><property name="framework_op_name" value="to_layout" /><property name="backend" value="ttmetal" /><property name="param_tiled" value="false" /><property name="param_shard_mul_x" value="2" /><property name="param_shard_mul_y" value="3" /><property name="param_output_grid_x" value="4" /><property name="param_output_grid_y" value="2" /><property name="param_input_grid_x" value="1" /><property name="param_input_grid_y" value="1" /><property name="frontend" value="ttir" /><property name="failure_stage" value="success" /></properties></testcase><testcase classname="test_metal_layout" name="test_to_layout[ttmetal-False-2-3-4-2-1-2]" time="0.054"><properties><property name="op_name" value="to_layout" /><property name="framework_op_name" value="to_layout" /><property name="backend" value="ttmetal" /><property name="param_tiled" value="false" /><property name="param_shard_mul_x" value="2" /><property name="param_shard_mul_y" value="3" /><property name="param_output_grid_x" value="4" /><property name="param_output_grid_y" value="2" /><property name="param_input_grid_x" value="1" /><property name="param_input_grid_y" value="2" /><property name="frontend" value="ttir" /><property name="failure_stage" value="success" /></properties></testcase><testcase classname="test_metal_layout" name="test_to_layout[ttmetal-False-2-3-4-2-1-3]" time="0.045"><properties><property name="op_name" value="to_layout" /><property name="framework_op_name" value="to_layout" /><property name="backend" value="ttmetal" /><property name="param_tiled" value="false" /><property name="param_shard_mul_x" value="2" /><property name="param_shard_mul_y" value="3" /><property name="param_output_grid_x" value="4" /><property name="param_output_grid_y" value="2" /><property name="param_input_grid_x" value="1" /><property name="param_input_grid_y" value="3" /><property name="frontend" value="ttir" /><property name="failure_stage" value="success" /></properties></testcase><testcase classname="test_metal_layout" name="test_to_layout[ttmetal-False-2-3-4-2-2-1]" time="0.041"><properties><property name="op_name" value="to_layout" /><property name="framework_op_name" value="to_layout" /><property name="backend" value="ttmetal" /><property name="param_tiled" value="false" /><property name="param_shard_mul_x" value="2" /><property name="param_shard_mul_y" value="3" /><property name="param_output_grid_x" value="4" /><property name="param_output_grid_y" value="2" /><property name="param_input_grid_x" value="2" /><property name="param_input_grid_y" value="1" /><property name="frontend" value="ttir" /><property name="failure_stage" value="success" /></properties></testcase><testcase classname="test_metal_layout" name="test_to_layout[ttmetal-False-2-3-4-2-2-2]" time="0.035"><properties><property name="op_name" value="to_layout" /><property name="framework_op_name" value="to_layout" /><property name="backend" value="ttmetal" /><property name="param_tiled" value="false" /><property name="param_shard_mul_x" value="2" /><property name="param_shard_mul_y" value="3" /><property name="param_output_grid_x" value="4" /><property name="param_output_grid_y" value="2" /><property name="param_input_grid_x" value="2" /><property name="param_input_grid_y" value="2" /><property name="frontend" value="ttir" /><property name="failure_stage" value="success" /></properties></testcase><testcase classname="test_metal_layout" name="test_to_layout[ttmetal-False-2-3-4-2-2-3]" time="0.049"><properties><property name="op_name" value="to_layout" /><property name="framework_op_name" value="to_layout" /><property name="backend" value="ttmetal" /><property name="param_tiled" value="false" /><property name="param_shard_mul_x" value="2" /><property name="param_shard_mul_y" value="3" /><property name="param_output_grid_x" value="4" /><property name="param_output_grid_y" value="2" /><property name="param_input_grid_x" value="2" /><property name="param_input_grid_y" value="3" /><property name="frontend" value="ttir" /><property name="failure_stage" value="success" /></properties></testcase><testcase classname="test_metal_layout" name="test_to_layout[ttmetal-False-2-3-4-2-3-1]" time="0.031"><properties><property name="op_name" value="to_layout" /><property name="framework_op_name" value="to_layout" /><property name="backend" value="ttmetal" /><property name="param_tiled" value="false" /><property name="param_shard_mul_x" value="2" /><property name="param_shard_mul_y" value="3" /><property name="param_output_grid_x" value="4" /><property name="param_output_grid_y" value="2" /><property name="param_input_grid_x" value="3" /><property name="param_input_grid_y" value="1" /><property name="frontend" value="ttir" /><property name="failure_stage" value="success" /></properties></testcase><testcase classname="test_metal_layout" name="test_to_layout[ttmetal-False-2-3-4-2-3-2]" time="0.029"><properties><property name="op_name" value="to_layout" /><property name="framework_op_name" value="to_layout" /><property name="backend" value="ttmetal" /><property name="param_tiled" value="false" /><property name="param_shard_mul_x" value="2" /><property name="param_shard_mul_y" value="3" /><property name="param_output_grid_x" value="4" /><property name="param_output_grid_y" value="2" /><property name="param_input_grid_x" value="3" /><property name="param_input_grid_y" value="2" /><property name="frontend" value="ttir" /><property name="failure_stage" value="success" /></properties></testcase><testcase classname="test_metal_layout" name="test_to_layout[ttmetal-False-2-3-4-2-3-3]" time="0.026"><properties><property name="op_name" value="to_layout" /><property name="framework_op_name" value="to_layout" /><property name="backend" value="ttmetal" /><property name="param_tiled" value="false" /><property name="param_shard_mul_x" value="2" /><property name="param_shard_mul_y" value="3" /><property name="param_output_grid_x" value="4" /><property name="param_output_grid_y" value="2" /><property name="param_input_grid_x" value="3" /><property name="param_input_grid_y" value="3" /><property name="frontend" value="ttir" /><property name="failure_stage" value="success" /></properties></testcase><testcase classname="test_metal_layout" name="test_to_layout[ttmetal-False-2-3-4-3-1-1]" time="0.034"><properties><property name="op_name" value="to_layout" /><property name="framework_op_name" value="to_layout" /><property name="backend" value="ttmetal" /><property name="param_tiled" value="false" /><property name="param_shard_mul_x" value="2" /><property name="param_shard_mul_y" value="3" /><property name="param_output_grid_x" value="4" /><property name="param_output_grid_y" value="3" /><property name="param_input_grid_x" value="1" /><property name="param_input_grid_y" value="1" /><property name="frontend" value="ttir" /><property name="failure_stage" value="success" /></properties></testcase><testcase classname="test_metal_layout" name="test_to_layout[ttmetal-False-2-3-4-3-1-2]" time="0.034"><properties><property name="op_name" value="to_layout" /><property name="framework_op_name" value="to_layout" /><property name="backend" value="ttmetal" /><property name="param_tiled" value="false" /><property name="param_shard_mul_x" value="2" /><property name="param_shard_mul_y" value="3" /><property name="param_output_grid_x" value="4" /><property name="param_output_grid_y" value="3" /><property name="param_input_grid_x" value="1" /><property name="param_input_grid_y" value="2" /><property name="frontend" value="ttir" /><property name="failure_stage" value="success" /></properties></testcase><testcase classname="test_metal_layout" name="test_to_layout[ttmetal-False-2-3-4-3-1-3]" time="0.026"><properties><property name="op_name" value="to_layout" /><property name="framework_op_name" value="to_layout" /><property name="backend" value="ttmetal" /><property name="param_tiled" value="false" /><property name="param_shard_mul_x" value="2" /><property name="param_shard_mul_y" value="3" /><property name="param_output_grid_x" value="4" /><property name="param_output_grid_y" value="3" /><property name="param_input_grid_x" value="1" /><property name="param_input_grid_y" value="3" /><property name="frontend" value="ttir" /><property name="failure_stage" value="success" /></properties></testcase><testcase classname="test_metal_layout" name="test_to_layout[ttmetal-False-2-3-4-3-2-1]" time="0.027"><properties><property name="op_name" value="to_layout" /><property name="framework_op_name" value="to_layout" /><property name="backend" value="ttmetal" /><property name="param_tiled" value="false" /><property name="param_shard_mul_x" value="2" /><property name="param_shard_mul_y" value="3" /><property name="param_output_grid_x" value="4" /><property name="param_output_grid_y" value="3" /><property name="param_input_grid_x" value="2" /><property name="param_input_grid_y" value="1" /><property name="frontend" value="ttir" /><property name="failure_stage" value="success" /></properties></testcase><testcase classname="test_metal_layout" name="test_to_layout[ttmetal-False-2-3-4-3-2-2]" time="0.045"><properties><property name="op_name" value="to_layout" /><property name="framework_op_name" value="to_layout" /><property name="backend" value="ttmetal" /><property name="param_tiled" value="false" /><property name="param_shard_mul_x" value="2" /><property name="param_shard_mul_y" value="3" /><property name="param_output_grid_x" value="4" /><property name="param_output_grid_y" value="3" /><property name="param_input_grid_x" value="2" /><property name="param_input_grid_y" value="2" /><property name="frontend" value="ttir" /><property name="failure_stage" value="success" /></properties></testcase><testcase classname="test_metal_layout" name="test_to_layout[ttmetal-False-2-3-4-3-2-3]" time="0.026"><properties><property name="op_name" value="to_layout" /><property name="framework_op_name" value="to_layout" /><property name="backend" value="ttmetal" /><property name="param_tiled" value="false" /><property name="param_shard_mul_x" value="2" /><property name="param_shard_mul_y" value="3" /><property name="param_output_grid_x" value="4" /><property name="param_output_grid_y" value="3" /><property name="param_input_grid_x" value="2" /><property name="param_input_grid_y" value="3" /><property name="frontend" value="ttir" /><property name="failure_stage" value="success" /></properties></testcase><testcase classname="test_metal_layout" name="test_to_layout[ttmetal-False-2-3-4-3-3-1]" time="0.536"><properties><property name="op_name" value="to_layout" /><property name="framework_op_name" value="to_layout" /><property name="backend" value="ttmetal" /><property name="param_tiled" value="false" /><property name="param_shard_mul_x" value="2" /><property name="param_shard_mul_y" value="3" /><property name="param_output_grid_x" value="4" /><property name="param_output_grid_y" value="3" /><property name="param_input_grid_x" value="3" /><property name="param_input_grid_y" value="1" /><property name="frontend" value="ttir" /><property name="failure_stage" value="success" /></properties></testcase><testcase classname="test_metal_layout" name="test_to_layout[ttmetal-False-2-3-4-3-3-2]" time="0.727"><properties><property name="op_name" value="to_layout" /><property name="framework_op_name" value="to_layout" /><property name="backend" value="ttmetal" /><property name="param_tiled" value="false" /><property name="param_shard_mul_x" value="2" /><property name="param_shard_mul_y" value="3" /><property name="param_output_grid_x" value="4" /><property name="param_output_grid_y" value="3" /><property name="param_input_grid_x" value="3" /><property name="param_input_grid_y" value="2" /><property name="frontend" value="ttir" /><property name="failure_stage" value="success" /></properties></testcase><testcase classname="test_metal_layout" name="test_to_layout[ttmetal-False-2-3-4-3-3-3]" time="0.656"><properties><property name="op_name" value="to_layout" /><property name="framework_op_name" value="to_layout" /><property name="backend" value="ttmetal" /><property name="param_tiled" value="false" /><property name="param_shard_mul_x" value="2" /><property name="param_shard_mul_y" value="3" /><property name="param_output_grid_x" value="4" /><property name="param_output_grid_y" value="3" /><property name="param_input_grid_x" value="3" /><property name="param_input_grid_y" value="3" /><property name="frontend" value="ttir" /><property name="failure_stage" value="success" /></properties></testcase><testcase classname="test_metal_layout" name="test_to_layout[ttmetal-False-2-3-4-4-1-1]" time="0.493"><properties><property name="op_name" value="to_layout" /><property name="framework_op_name" value="to_layout" /><property name="backend" value="ttmetal" /><property name="param_tiled" value="false" /><property name="param_shard_mul_x" value="2" /><property name="param_shard_mul_y" value="3" /><property name="param_output_grid_x" value="4" /><property name="param_output_grid_y" value="4" /><property name="param_input_grid_x" value="1" /><property name="param_input_grid_y" value="1" /><property name="frontend" value="ttir" /><property name="failure_stage" value="success" /></properties></testcase><testcase classname="test_metal_layout" name="test_to_layout[ttmetal-False-2-3-4-4-1-2]" time="0.734"><properties><property name="op_name" value="to_layout" /><property name="framework_op_name" value="to_layout" /><property name="backend" value="ttmetal" /><property name="param_tiled" value="false" /><property name="param_shard_mul_x" value="2" /><property name="param_shard_mul_y" value="3" /><property name="param_output_grid_x" value="4" /><property name="param_output_grid_y" value="4" /><property name="param_input_grid_x" value="1" /><property name="param_input_grid_y" value="2" /><property name="frontend" value="ttir" /><property name="failure_stage" value="success" /></properties></testcase><testcase classname="test_metal_layout" name="test_to_layout[ttmetal-False-2-3-4-4-1-3]" time="0.075"><properties><property name="op_name" value="to_layout" /><property name="framework_op_name" value="to_layout" /><property name="backend" value="ttmetal" /><property name="param_tiled" value="false" /><property name="param_shard_mul_x" value="2" /><property name="param_shard_mul_y" value="3" /><property name="param_output_grid_x" value="4" /><property name="param_output_grid_y" value="4" /><property name="param_input_grid_x" value="1" /><property name="param_input_grid_y" value="3" /><property name="frontend" value="ttir" /><property name="failure_stage" value="success" /></properties></testcase><testcase classname="test_metal_layout" name="test_to_layout[ttmetal-False-2-3-4-4-2-1]" time="0.084"><properties><property name="op_name" value="to_layout" /><property name="framework_op_name" value="to_layout" /><property name="backend" value="ttmetal" /><property name="param_tiled" value="false" /><property name="param_shard_mul_x" value="2" /><property name="param_shard_mul_y" value="3" /><property name="param_output_grid_x" value="4" /><property name="param_output_grid_y" value="4" /><property name="param_input_grid_x" value="2" /><property name="param_input_grid_y" value="1" /><property name="frontend" value="ttir" /><property name="failure_stage" value="success" /></properties></testcase><testcase classname="test_metal_layout" name="test_to_layout[ttmetal-False-2-3-4-4-2-2]" time="0.116"><properties><property name="op_name" value="to_layout" /><property name="framework_op_name" value="to_layout" /><property name="backend" value="ttmetal" /><property name="param_tiled" value="false" /><property name="param_shard_mul_x" value="2" /><property name="param_shard_mul_y" value="3" /><property name="param_output_grid_x" value="4" /><property name="param_output_grid_y" value="4" /><property name="param_input_grid_x" value="2" /><property name="param_input_grid_y" value="2" /><property name="frontend" value="ttir" /><property name="failure_stage" value="success" /></properties></testcase><testcase classname="test_metal_layout" name="test_to_layout[ttmetal-False-2-3-4-4-2-3]" time="0.066"><properties><property name="op_name" value="to_layout" /><property name="framework_op_name" value="to_layout" /><property name="backend" value="ttmetal" /><property name="param_tiled" value="false" /><property name="param_shard_mul_x" value="2" /><property name="param_shard_mul_y" value="3" /><property name="param_output_grid_x" value="4" /><property name="param_output_grid_y" value="4" /><property name="param_input_grid_x" value="2" /><property name="param_input_grid_y" value="3" /><property name="frontend" value="ttir" /><property name="failure_stage" value="success" /></properties></testcase><testcase classname="test_metal_layout" name="test_to_layout[ttmetal-False-2-3-4-4-3-1]" time="0.108"><properties><property name="op_name" value="to_layout" /><property name="framework_op_name" value="to_layout" /><property name="backend" value="ttmetal" /><property name="param_tiled" value="false" /><property name="param_shard_mul_x" value="2" /><property name="param_shard_mul_y" value="3" /><property name="param_output_grid_x" value="4" /><property name="param_output_grid_y" value="4" /><property name="param_input_grid_x" value="3" /><property name="param_input_grid_y" value="1" /><property name="frontend" value="ttir" /><property name="failure_stage" value="success" /></properties></testcase><testcase classname="test_metal_layout" name="test_to_layout[ttmetal-False-2-3-4-4-3-2]" time="0.040"><properties><property name="op_name" value="to_layout" /><property name="framework_op_name" value="to_layout" /><property name="backend" value="ttmetal" /><property name="param_tiled" value="false" /><property name="param_shard_mul_x" value="2" /><property name="param_shard_mul_y" value="3" /><property name="param_output_grid_x" value="4" /><property name="param_output_grid_y" value="4" /><property name="param_input_grid_x" value="3" /><property name="param_input_grid_y" value="2" /><property name="frontend" value="ttir" /><property name="failure_stage" value="success" /></properties></testcase><testcase classname="test_metal_layout" name="test_to_layout[ttmetal-False-2-3-4-4-3-3]" time="0.049"><properties><property name="op_name" value="to_layout" /><property name="framework_op_name" value="to_layout" /><property name="backend" value="ttmetal" /><property name="param_tiled" value="false" /><property name="param_shard_mul_x" value="2" /><property name="param_shard_mul_y" value="3" /><property name="param_output_grid_x" value="4" /><property name="param_output_grid_y" value="4" /><property name="param_input_grid_x" value="3" /><property name="param_input_grid_y" value="3" /><property name="frontend" value="ttir" /><property name="failure_stage" value="success" /></properties></testcase><testcase classname="test_metal_tilize" name="test_tilize[ttmetal-shape0]" time="0.051"><properties><property name="input_shapes" value="[[32, 64]]" /><property name="input_dtypes" value="['f32']" /><property name="op_name" value="tilize" /><property name="framework_op_name" value="tilize" /><property name="backend" value="ttmetal" /><property name="frontend" value="ttir" /><property name="failure_stage" value="success" /></properties></testcase><testcase classname="test_metal_tilize" name="test_tilize[ttmetal-shape1]" time="0.092"><properties><property name="input_shapes" value="[[64, 32]]" /><property name="input_dtypes" value="['f32']" /><property name="op_name" value="tilize" /><property name="framework_op_name" value="tilize" /><property name="backend" value="ttmetal" /><property name="frontend" value="ttir" /><property name="failure_stage" value="success" /></properties></testcase><testcase classname="test_metal_tilize" name="test_tilize[ttmetal-shape2]" time="0.077"><properties><property name="input_shapes" value="[[64, 64]]" /><property name="input_dtypes" value="['f32']" /><property name="op_name" value="tilize" /><property name="framework_op_name" value="tilize" /><property name="backend" value="ttmetal" /><property name="frontend" value="ttir" /><property name="failure_stage" value="success" /></properties></testcase><testcase classname="test_metal_tilize" name="test_tilize[ttmetal-shape3]" time="0.113"><properties><property name="input_shapes" value="[[64, 128]]" /><property name="input_dtypes" value="['f32']" /><property name="op_name" value="tilize" /><property name="framework_op_name" value="tilize" /><property name="backend" value="ttmetal" /><property name="frontend" value="ttir" /><property name="failure_stage" value="success" /></properties></testcase><testcase classname="test_metal_tilize" name="test_tilize_untilize[ttmetal-shape0]" time="0.066"><properties><property name="input_shapes" value="[[32, 64]]" /><property name="input_dtypes" value="['f32']" /><property name="op_name" value="tilize_untilize" /><property name="framework_op_name" value="tilize_untilize" /><property name="backend" value="ttmetal" /><property name="frontend" value="ttir" /><property name="failure_stage" value="success" /></properties></testcase><testcase classname="test_metal_tilize" name="test_tilize_untilize[ttmetal-shape1]" time="0.070"><properties><property name="input_shapes" value="[[64, 32]]" /><property name="input_dtypes" value="['f32']" /><property name="op_name" value="tilize_untilize" /><property name="framework_op_name" value="tilize_untilize" /><property name="backend" value="ttmetal" /><property name="frontend" value="ttir" /><property name="failure_stage" value="success" /></properties></testcase><testcase classname="test_metal_tilize" name="test_tilize_untilize[ttmetal-shape2]" time="0.115"><properties><property name="input_shapes" value="[[64, 64]]" /><property name="input_dtypes" value="['f32']" /><property name="op_name" value="tilize_untilize" /><property name="framework_op_name" value="tilize_untilize" /><property name="backend" value="ttmetal" /><property name="frontend" value="ttir" /><property name="failure_stage" value="success" /></properties></testcase><testcase classname="test_metal_tilize" name="test_untilize[ttmetal-shape0]" time="0.000"><properties><property name="input_shapes" value="[[32, 64]]" /><property name="input_dtypes" value="['f32']" /><property name="op_name" value="untilize" /><property name="framework_op_name" value="untilize" /><property name="backend" value="ttmetal" /><property name="frontend" value="ttir" /></properties><skipped type="pytest.skip" message="Issue #3486: Unit testing untilize hits some unexpected lowering behaviour.">/__w/tt-mlir/tt-mlir/test/python/golden/test_metal_tilize.py:66: Issue #3486: Unit testing untilize hits some unexpected lowering behaviour.</skipped></testcase><testcase classname="test_metal_tilize" name="test_untilize[ttmetal-shape1]" time="0.001"><properties><property name="input_shapes" value="[[64, 32]]" /><property name="input_dtypes" value="['f32']" /><property name="op_name" value="untilize" /><property name="framework_op_name" value="untilize" /><property name="backend" value="ttmetal" /><property name="frontend" value="ttir" /></properties><skipped type="pytest.skip" message="Issue #3486: Unit testing untilize hits some unexpected lowering behaviour.">/__w/tt-mlir/tt-mlir/test/python/golden/test_metal_tilize.py:66: Issue #3486: Unit testing untilize hits some unexpected lowering behaviour.</skipped></testcase><testcase classname="test_metal_tilize" name="test_untilize[ttmetal-shape2]" time="0.000"><properties><property name="input_shapes" value="[[64, 64]]" /><property name="input_dtypes" value="['f32']" /><property name="op_name" value="untilize" /><property name="framework_op_name" value="untilize" /><property name="backend" value="ttmetal" /><property name="frontend" value="ttir" /></properties><skipped type="pytest.skip" message="Issue #3486: Unit testing untilize hits some unexpected lowering behaviour.">/__w/tt-mlir/tt-mlir/test/python/golden/test_metal_tilize.py:66: Issue #3486: Unit testing untilize hits some unexpected lowering behaviour.</skipped></testcase><testcase classname="test_metal_tilize" name="test_untilize[ttmetal-shape3]" time="0.000"><properties><property name="input_shapes" value="[[64, 128]]" /><property name="input_dtypes" value="['f32']" /><property name="op_name" value="untilize" /><property name="framework_op_name" value="untilize" /><property name="backend" value="ttmetal" /><property name="frontend" value="ttir" /></properties><skipped type="pytest.skip" message="Issue #3486: Unit testing untilize hits some unexpected lowering behaviour.">/__w/tt-mlir/tt-mlir/test/python/golden/test_metal_tilize.py:66: Issue #3486: Unit testing untilize hits some unexpected lowering behaviour.</skipped></testcase><testcase classname="test_shardy_ops" name="test_sharding_constraint[sharding_constraint-f32-128x128]" time="0.019"><properties><property name="input_shapes" value="[[128, 128]]" /><property name="input_dtypes" value="['f32']" /><property name="op_name" value="sharding_constraint" /><property name="framework_op_name" value="sharding_constraint" /><property name="backend" value="ttnn" /><property name="frontend" value="shlo" /><property name="failure_stage" value="success" /></properties></testcase><testcase classname="test_stablehlo_ops" name="test_binary_ops[add-f32-128x128]" time="0.020"><properties><property name="input_shapes" value="[[128, 128]]" /><property name="input_dtypes" value="['f32']" /><property name="op_name" value="add" /><property name="framework_op_name" value="add" /><property name="backend" value="ttnn" /><property name="frontend" value="shlo" /><property name="failure_stage" value="success" /></properties></testcase><testcase classname="test_ttir_fusing" name="test_batch_norm_decomposition[False-0.0-1-stride0-padding0-dilation0-2-dtypes0-shapes0]" time="0.066"><properties><property name="input_shapes" value="[[1, 32, 32, 64], [64, 32, 3, 3], [1, 1, 1, 64], [1, 16, 32, 64], [16], [16], [16], [16]]" /><property name="input_dtypes" value="['f32', 'f32', 'f32', 'f32', 'f32', 'f32', 'f32', 'f32']" /><property name="op_name" value="batch_norm_decomposition" /><property name="framework_op_name" value="batch_norm_decomposition" /><property name="backend" value="ttnn" /><property name="param_training" value="false" /><property name="param_epsilon" value="0.0" /><property name="param_dimension" value="1" /><property name="param_stride" value="[2, 1]" /><property name="param_padding" value="[2, 1]" /><property name="param_dilation" value="[2, 1]" /><property name="param_groups" value="2" /><property name="frontend" value="ttir" /><property name="failure_stage" value="success" /></properties></testcase><testcase classname="test_ttir_models" name="test_arbitrary_model[f32-32x32]" time="0.075"><properties><property name="input_shapes" value="[[32, 32], [32, 32], [32, 32]]" /><property name="input_dtypes" value="['f32', 'f32', 'f32']" /><property name="op_name" value="arbitrary_model" /><property name="framework_op_name" value="arbitrary_model" /><property name="backend" value="ttnn" /><property name="frontend" value="ttir" /><property name="failure_stage" value="success" /></properties></testcase><testcase classname="test_ttir_ops" name="test_arange[shape0-0-5-1-0]" time="0.026"><properties><property name="input_shapes" value="[[5]]" /><property name="input_dtypes" value="['f32']" /><property name="op_name" value="arange" /><property name="framework_op_name" value="arange" /><property name="backend" value="ttnn" /><property name="param_start" value="0" /><property name="param_end" value="5" /><property name="param_step" value="1" /><property name="param_dim" value="0" /><property name="frontend" value="ttir" /><property name="failure_stage" value="success" /></properties></testcase><testcase classname="test_ttir_ops" name="test_argmax[dim_arg0-shapes0]" time="0.029"><properties><property name="input_shapes" value="[[128, 128]]" /><property name="input_dtypes" value="['f32']" /><property name="op_name" value="argmax" /><property name="framework_op_name" value="argmax" /><property name="backend" value="ttnn" /><property name="param_dim_arg" value="[1]" /><property name="frontend" value="ttir" /><property name="failure_stage" value="success" /></properties></testcase><testcase classname="test_ttir_ops" name="test_avg_pool2d[dtypes0-shapes0-kernel0-stride0-dilation0-padding0-False-True]" time="0.044"><properties><property name="input_shapes" value="[[1, 31, 31, 32], [1, 31, 35, 32]]" /><property name="input_dtypes" value="['f32', 'f32']" /><property name="op_name" value="avg_pool2d" /><property name="framework_op_name" value="avg_pool2d" /><property name="backend" value="ttnn" /><property name="param_kernel" value="[2, 2]" /><property name="param_stride" value="[2, 2]" /><property name="param_dilation" value="[1, 1]" /><property name="param_padding" value="[1, 1, 1, 1]" /><property name="param_ceil_mode" value="false" /><property name="param_count_include_pad" value="true" /><property name="frontend" value="ttir" /><property name="failure_stage" value="success" /></properties></testcase><testcase classname="test_ttir_ops" name="test_avg_pool2d[dtypes0-shapes0-kernel1-stride1-dilation1-padding1-True-False]" time="0.106"><properties><property name="input_shapes" value="[[1, 31, 31, 32], [1, 31, 35, 32]]" /><property name="input_dtypes" value="['f32', 'f32']" /><property name="op_name" value="avg_pool2d" /><property name="framework_op_name" value="avg_pool2d" /><property name="backend" value="ttnn" /><property name="param_kernel" value="[2, 2]" /><property name="param_stride" value="[1, 1]" /><property name="param_dilation" value="[1, 1]" /><property name="param_padding" value="[1, 1, 1, 1]" /><property name="param_ceil_mode" value="true" /><property name="param_count_include_pad" value="false" /><property name="frontend" value="ttir" /><property name="failure_stage" value="success" /></properties></testcase><testcase classname="test_ttir_ops" name="test_batch_norm[False-1e-05-1-dtypes0-shapes0]" time="0.056"><properties><property name="input_shapes" value="[[1, 64, 32, 32], [64], [64], [64], [64]]" /><property name="input_dtypes" value="['f32', 'f32', 'f32', 'f32', 'f32']" /><property name="op_name" value="batch_norm" /><property name="framework_op_name" value="batch_norm" /><property name="backend" value="ttnn" /><property name="param_training" value="false" /><property name="param_epsilon" value="1e-05" /><property name="param_dimension" value="1" /><property name="frontend" value="ttir" /><property name="failure_stage" value="success" /></properties></testcase><testcase classname="test_ttir_ops" name="test_binary_eltwise_ops_implicit_broadcast[add-ttnn-f32-broadcast_both_1]" time="0.031"><properties><property name="input_shapes" value="[[8, 16, 1], [1, 1, 32]]" /><property name="input_dtypes" value="['f32', 'f32']" /><property name="op_name" value="add" /><property name="framework_op_name" value="add" /><property name="backend" value="ttnn" /><property name="frontend" value="ttir" /><property name="failure_stage" value="success" /></properties></testcase><testcase classname="test_ttir_ops" name="test_binary_eltwise_ops_implicit_broadcast[add-ttnn-f32-broadcast_both_2]" time="0.069"><properties><property name="input_shapes" value="[[1, 1, 32], [8, 16, 1]]" /><property name="input_dtypes" value="['f32', 'f32']" /><property name="op_name" value="add" /><property name="framework_op_name" value="add" /><property name="backend" value="ttnn" /><property name="frontend" value="ttir" /><property name="failure_stage" value="success" /></properties></testcase><testcase classname="test_ttir_ops" name="test_binary_eltwise_ops_implicit_broadcast[add-ttnn-f32-broadcast_both_3]" time="0.046"><properties><property name="input_shapes" value="[[8, 1, 32], [8, 16, 1]]" /><property name="input_dtypes" value="['f32', 'f32']" /><property name="op_name" value="add" /><property name="framework_op_name" value="add" /><property name="backend" value="ttnn" /><property name="frontend" value="ttir" /><property name="failure_stage" value="success" /></properties></testcase><testcase classname="test_ttir_ops" name="test_binary_eltwise_ops_implicit_broadcast[add-ttnn-f32-broadcast_both_4]" time="0.040"><properties><property name="input_shapes" value="[[8, 16, 1], [8, 1, 32]]" /><property name="input_dtypes" value="['f32', 'f32']" /><property name="op_name" value="add" /><property name="framework_op_name" value="add" /><property name="backend" value="ttnn" /><property name="frontend" value="ttir" /><property name="failure_stage" value="success" /></properties></testcase><testcase classname="test_ttir_ops" name="test_binary_eltwise_ops_implicit_broadcast[add-ttnn-f32-broadcast_lhs_1]" time="0.037"><properties><property name="input_shapes" value="[[1, 1, 1], [8, 16, 32]]" /><property name="input_dtypes" value="['f32', 'f32']" /><property name="op_name" value="add" /><property name="framework_op_name" value="add" /><property name="backend" value="ttnn" /><property name="frontend" value="ttir" /><property name="failure_stage" value="success" /></properties></testcase><testcase classname="test_ttir_ops" name="test_binary_eltwise_ops_implicit_broadcast[add-ttnn-f32-broadcast_lhs_2]" time="0.033"><properties><property name="input_shapes" value="[[1, 1, 32], [8, 16, 32]]" /><property name="input_dtypes" value="['f32', 'f32']" /><property name="op_name" value="add" /><property name="framework_op_name" value="add" /><property name="backend" value="ttnn" /><property name="frontend" value="ttir" /><property name="failure_stage" value="success" /></properties></testcase><testcase classname="test_ttir_ops" name="test_binary_eltwise_ops_implicit_broadcast[add-ttnn-f32-broadcast_lhs_3]" time="0.042"><properties><property name="input_shapes" value="[[1, 16, 32], [8, 16, 32]]" /><property name="input_dtypes" value="['f32', 'f32']" /><property name="op_name" value="add" /><property name="framework_op_name" value="add" /><property name="backend" value="ttnn" /><property name="frontend" value="ttir" /><property name="failure_stage" value="success" /></properties></testcase><testcase classname="test_ttir_ops" name="test_binary_eltwise_ops_implicit_broadcast[add-ttnn-f32-broadcast_rhs_1]" time="0.047"><properties><property name="input_shapes" value="[[8, 16, 32], [1, 1, 1]]" /><property name="input_dtypes" value="['f32', 'f32']" /><property name="op_name" value="add" /><property name="framework_op_name" value="add" /><property name="backend" value="ttnn" /><property name="frontend" value="ttir" /><property name="failure_stage" value="success" /></properties></testcase><testcase classname="test_ttir_ops" name="test_binary_eltwise_ops_implicit_broadcast[add-ttnn-f32-broadcast_rhs_2]" time="0.025"><properties><property name="input_shapes" value="[[8, 16, 32], [1, 1, 32]]" /><property name="input_dtypes" value="['f32', 'f32']" /><property name="op_name" value="add" /><property name="framework_op_name" value="add" /><property name="backend" value="ttnn" /><property name="frontend" value="ttir" /><property name="failure_stage" value="success" /></properties></testcase><testcase classname="test_ttir_ops" name="test_binary_eltwise_ops_implicit_broadcast[add-ttnn-f32-broadcast_rhs_3]" time="0.036"><properties><property name="input_shapes" value="[[8, 16, 32], [1, 16, 32]]" /><property name="input_dtypes" value="['f32', 'f32']" /><property name="op_name" value="add" /><property name="framework_op_name" value="add" /><property name="backend" value="ttnn" /><property name="frontend" value="ttir" /><property name="failure_stage" value="success" /></properties></testcase><testcase classname="test_ttir_ops" name="test_binary_eltwise_ops_implicit_broadcast[add-ttnn-i32-broadcast_both_1]" time="0.031"><properties><property name="input_shapes" value="[[8, 16, 1], [1, 1, 32]]" /><property name="input_dtypes" value="['i32', 'i32']" /><property name="op_name" value="add" /><property name="framework_op_name" value="add" /><property name="backend" value="ttnn" /><property name="frontend" value="ttir" /><property name="failure_stage" value="success" /></properties></testcase><testcase classname="test_ttir_ops" name="test_binary_eltwise_ops_implicit_broadcast[add-ttnn-i32-broadcast_both_2]" time="0.032"><properties><property name="input_shapes" value="[[1, 1, 32], [8, 16, 1]]" /><property name="input_dtypes" value="['i32', 'i32']" /><property name="op_name" value="add" /><property name="framework_op_name" value="add" /><property name="backend" value="ttnn" /><property name="frontend" value="ttir" /><property name="failure_stage" value="success" /></properties></testcase><testcase classname="test_ttir_ops" name="test_binary_eltwise_ops_implicit_broadcast[add-ttnn-i32-broadcast_both_3]" time="0.029"><properties><property name="input_shapes" value="[[8, 1, 32], [8, 16, 1]]" /><property name="input_dtypes" value="['i32', 'i32']" /><property name="op_name" value="add" /><property name="framework_op_name" value="add" /><property name="backend" value="ttnn" /><property name="frontend" value="ttir" /><property name="failure_stage" value="success" /></properties></testcase><testcase classname="test_ttir_ops" name="test_binary_eltwise_ops_implicit_broadcast[add-ttnn-i32-broadcast_both_4]" time="0.025"><properties><property name="input_shapes" value="[[8, 16, 1], [8, 1, 32]]" /><property name="input_dtypes" value="['i32', 'i32']" /><property name="op_name" value="add" /><property name="framework_op_name" value="add" /><property name="backend" value="ttnn" /><property name="frontend" value="ttir" /><property name="failure_stage" value="success" /></properties></testcase><testcase classname="test_ttir_ops" name="test_binary_eltwise_ops_implicit_broadcast[add-ttnn-i32-broadcast_lhs_1]" time="0.030"><properties><property name="input_shapes" value="[[1, 1, 1], [8, 16, 32]]" /><property name="input_dtypes" value="['i32', 'i32']" /><property name="op_name" value="add" /><property name="framework_op_name" value="add" /><property name="backend" value="ttnn" /><property name="frontend" value="ttir" /><property name="failure_stage" value="success" /></properties></testcase><testcase classname="test_ttir_ops" name="test_binary_eltwise_ops_implicit_broadcast[add-ttnn-i32-broadcast_lhs_2]" time="0.197"><properties><property name="input_shapes" value="[[1, 1, 32], [8, 16, 32]]" /><property name="input_dtypes" value="['i32', 'i32']" /><property name="op_name" value="add" /><property name="framework_op_name" value="add" /><property name="backend" value="ttnn" /><property name="frontend" value="ttir" /><property name="failure_stage" value="success" /></properties></testcase><testcase classname="test_ttir_ops" name="test_binary_eltwise_ops_implicit_broadcast[add-ttnn-i32-broadcast_lhs_3]" time="0.025"><properties><property name="input_shapes" value="[[1, 16, 32], [8, 16, 32]]" /><property name="input_dtypes" value="['i32', 'i32']" /><property name="op_name" value="add" /><property name="framework_op_name" value="add" /><property name="backend" value="ttnn" /><property name="frontend" value="ttir" /><property name="failure_stage" value="success" /></properties></testcase><testcase classname="test_ttir_ops" name="test_binary_eltwise_ops_implicit_broadcast[add-ttnn-i32-broadcast_rhs_1]" time="0.381"><properties><property name="input_shapes" value="[[8, 16, 32], [1, 1, 1]]" /><property name="input_dtypes" value="['i32', 'i32']" /><property name="op_name" value="add" /><property name="framework_op_name" value="add" /><property name="backend" value="ttnn" /><property name="frontend" value="ttir" /><property name="failure_stage" value="success" /></properties></testcase><testcase classname="test_ttir_ops" name="test_binary_eltwise_ops_implicit_broadcast[add-ttnn-i32-broadcast_rhs_2]" time="0.047"><properties><property name="input_shapes" value="[[8, 16, 32], [1, 1, 32]]" /><property name="input_dtypes" value="['i32', 'i32']" /><property name="op_name" value="add" /><property name="framework_op_name" value="add" /><property name="backend" value="ttnn" /><property name="frontend" value="ttir" /><property na
[...]
ame="op_name" value="mean" /><property name="framework_op_name" value="mean" /><property name="backend" value="ttmetal" /><property name="frontend" value="ttir" /></properties><skipped type="pytest.skip" message="Operation not supported on following platform/target combination: {'ttmetal'}.">/__w/tt-mlir/tt-mlir/test/python/golden/test_ttir_ops.py:2255: Operation not supported on following platform/target combination: {'ttmetal'}.</skipped></testcase><testcase classname="test_ttir_ops" name="test_unary_ops[mean-ttnn-f32-128x128]" time="0.030"><properties><property name="input_shapes" value="[[128, 128]]" /><property name="input_dtypes" value="['f32']" /><property name="op_name" value="mean" /><property name="framework_op_name" value="mean" /><property name="backend" value="ttnn" /><property name="frontend" value="ttir" /><property name="failure_stage" value="success" /></properties></testcase><testcase classname="test_ttir_ops" name="test_unary_ops[mean-ttnn-standalone-f32-128x128]" time="0.025"><properties><property name="input_shapes" value="[[128, 128]]" /><property name="input_dtypes" value="['f32']" /><property name="op_name" value="mean" /><property name="framework_op_name" value="mean" /><property name="backend" value="ttnn-standalone" /><property name="frontend" value="ttir" /><property name="failure_stage" value="success" /></properties></testcase><testcase classname="test_ttir_ops" name="test_unary_ops[neg-ttmetal-f32-128x128]" time="0.040"><properties><property name="input_shapes" value="[[128, 128]]" /><property name="input_dtypes" value="['f32']" /><property name="op_name" value="neg" /><property name="framework_op_name" value="neg" /><property name="backend" value="ttmetal" /><property name="frontend" value="ttir" /><property name="failure_stage" value="success" /></properties></testcase><testcase classname="test_ttir_ops" name="test_unary_ops[neg-ttnn-f32-128x128]" time="0.034"><properties><property name="input_shapes" value="[[128, 128]]" /><property name="input_dtypes" value="['f32']" /><property name="op_name" value="neg" /><property name="framework_op_name" value="neg" /><property name="backend" value="ttnn" /><property name="frontend" value="ttir" /><property name="failure_stage" value="success" /></properties></testcase><testcase classname="test_ttir_ops" name="test_unary_ops[neg-ttnn-standalone-f32-128x128]" time="0.026"><properties><property name="input_shapes" value="[[128, 128]]" /><property name="input_dtypes" value="['f32']" /><property name="op_name" value="neg" /><property name="framework_op_name" value="neg" /><property name="backend" value="ttnn-standalone" /><property name="frontend" value="ttir" /><property name="failure_stage" value="success" /></properties></testcase><testcase classname="test_ttir_ops" name="test_unary_ops[reciprocal-ttmetal-f32-128x128]" time="0.041"><properties><property name="input_shapes" value="[[128, 128]]" /><property name="input_dtypes" value="['f32']" /><property name="op_name" value="reciprocal" /><property name="framework_op_name" value="reciprocal" /><property name="backend" value="ttmetal" /><property name="frontend" value="ttir" /><property name="failure_stage" value="success" /></properties></testcase><testcase classname="test_ttir_ops" name="test_unary_ops[reciprocal-ttnn-f32-128x128]" time="0.037"><properties><property name="input_shapes" value="[[128, 128]]" /><property name="input_dtypes" value="['f32']" /><property name="op_name" value="reciprocal" /><property name="framework_op_name" value="reciprocal" /><property name="backend" value="ttnn" /><property name="frontend" value="ttir" /><property name="failure_stage" value="success" /></properties></testcase><testcase classname="test_ttir_ops" name="test_unary_ops[reciprocal-ttnn-standalone-f32-128x128]" time="0.026"><properties><property name="input_shapes" value="[[128, 128]]" /><property name="input_dtypes" value="['f32']" /><property name="op_name" value="reciprocal" /><property name="framework_op_name" value="reciprocal" /><property name="backend" value="ttnn-standalone" /><property name="frontend" value="ttir" /><property name="failure_stage" value="success" /></properties></testcase><testcase classname="test_ttir_ops" name="test_unary_ops[relu-ttmetal-f32-128x128]" time="0.000"><properties><property name="input_shapes" value="[[128, 128]]" /><property name="input_dtypes" value="['f32']" /><property name="op_name" value="relu" /><property name="framework_op_name" value="relu" /><property name="backend" value="ttmetal" /><property name="frontend" value="ttir" /></properties><skipped type="pytest.skip" message="Operation not supported on following platform/target combination: {'ttmetal'}.">/__w/tt-mlir/tt-mlir/test/python/golden/test_ttir_ops.py:2255: Operation not supported on following platform/target combination: {'ttmetal'}.</skipped></testcase><testcase classname="test_ttir_ops" name="test_unary_ops[relu-ttnn-f32-128x128]" time="0.030"><properties><property name="input_shapes" value="[[128, 128]]" /><property name="input_dtypes" value="['f32']" /><property name="op_name" value="relu" /><property name="framework_op_name" value="relu" /><property name="backend" value="ttnn" /><property name="frontend" value="ttir" /><property name="failure_stage" value="success" /></properties></testcase><testcase classname="test_ttir_ops" name="test_unary_ops[relu-ttnn-standalone-f32-128x128]" time="0.025"><properties><property name="input_shapes" value="[[128, 128]]" /><property name="input_dtypes" value="['f32']" /><property name="op_name" value="relu" /><property name="framework_op_name" value="relu" /><property name="backend" value="ttnn-standalone" /><property name="frontend" value="ttir" /><property name="failure_stage" value="success" /></properties></testcase><testcase classname="test_ttir_ops" name="test_unary_ops[sign-ttmetal-f32-128x128]" time="0.000"><properties><property name="input_shapes" value="[[128, 128]]" /><property name="input_dtypes" value="['f32']" /><property name="op_name" value="sign" /><property name="framework_op_name" value="sign" /><property name="backend" value="ttmetal" /><property name="frontend" value="ttir" /></properties><skipped type="pytest.skip" message="Operation not supported on following platform/target combination: {'ttmetal'}.">/__w/tt-mlir/tt-mlir/test/python/golden/test_ttir_ops.py:2255: Operation not supported on following platform/target combination: {'ttmetal'}.</skipped></testcase><testcase classname="test_ttir_ops" name="test_unary_ops[sign-ttnn-f32-128x128]" time="0.031"><properties><property name="input_shapes" value="[[128, 128]]" /><property name="input_dtypes" value="['f32']" /><property name="op_name" value="sign" /><property name="framework_op_name" value="sign" /><property name="backend" value="ttnn" /><property name="frontend" value="ttir" /><property name="failure_stage" value="success" /></properties></testcase><testcase classname="test_ttir_ops" name="test_unary_ops[sign-ttnn-standalone-f32-128x128]" time="0.025"><properties><property name="input_shapes" value="[[128, 128]]" /><property name="input_dtypes" value="['f32']" /><property name="op_name" value="sign" /><property name="framework_op_name" value="sign" /><property name="backend" value="ttnn-standalone" /><property name="frontend" value="ttir" /><property name="failure_stage" value="success" /></properties></testcase><testcase classname="test_ttir_ops" name="test_unary_ops[sin-ttmetal-f32-128x128]" time="0.042"><properties><property name="input_shapes" value="[[128, 128]]" /><property name="input_dtypes" value="['f32']" /><property name="op_name" value="sin" /><property name="framework_op_name" value="sin" /><property name="backend" value="ttmetal" /><property name="frontend" value="ttir" /><property name="failure_stage" value="success" /></properties></testcase><testcase classname="test_ttir_ops" name="test_unary_ops[sin-ttnn-f32-128x128]" time="0.042"><properties><property name="input_shapes" value="[[128, 128]]" /><property name="input_dtypes" value="['f32']" /><property name="op_name" value="sin" /><property name="framework_op_name" value="sin" /><property name="backend" value="ttnn" /><property name="frontend" value="ttir" /><property name="failure_stage" value="success" /></properties></testcase><testcase classname="test_ttir_ops" name="test_unary_ops[sin-ttnn-standalone-f32-128x128]" time="0.025"><properties><property name="input_shapes" value="[[128, 128]]" /><property name="input_dtypes" value="['f32']" /><property name="op_name" value="sin" /><property name="framework_op_name" value="sin" /><property name="backend" value="ttnn-standalone" /><property name="frontend" value="ttir" /><property name="failure_stage" value="success" /></properties></testcase><testcase classname="test_ttir_ops" name="test_unary_ops[sum-ttmetal-f32-128x128]" time="0.000"><properties><property name="input_shapes" value="[[128, 128]]" /><property name="input_dtypes" value="['f32']" /><property name="op_name" value="sum" /><property name="framework_op_name" value="sum" /><property name="backend" value="ttmetal" /><property name="frontend" value="ttir" /></properties><skipped type="pytest.skip" message="Operation not supported on following platform/target combination: {'ttmetal'}.">/__w/tt-mlir/tt-mlir/test/python/golden/test_ttir_ops.py:2255: Operation not supported on following platform/target combination: {'ttmetal'}.</skipped></testcase><testcase classname="test_ttir_ops" name="test_unary_ops[sum-ttnn-f32-128x128]" time="0.031"><properties><property name="input_shapes" value="[[128, 128]]" /><property name="input_dtypes" value="['f32']" /><property name="op_name" value="sum" /><property name="framework_op_name" value="sum" /><property name="backend" value="ttnn" /><property name="frontend" value="ttir" /><property name="failure_stage" value="success" /></properties></testcase><testcase classname="test_ttir_ops" name="test_unary_ops[sum-ttnn-standalone-f32-128x128]" time="0.025"><properties><property name="input_shapes" value="[[128, 128]]" /><property name="input_dtypes" value="['f32']" /><property name="op_name" value="sum" /><property name="framework_op_name" value="sum" /><property name="backend" value="ttnn-standalone" /><property name="frontend" value="ttir" /><property name="failure_stage" value="success" /></properties></testcase><testcase classname="test_ttir_ops" name="test_unary_ops[tanh-ttmetal-f32-128x128]" time="0.000"><properties><property name="input_shapes" value="[[128, 128]]" /><property name="input_dtypes" value="['f32']" /><property name="op_name" value="tanh" /><property name="framework_op_name" value="tanh" /><property name="backend" value="ttmetal" /><property name="frontend" value="ttir" /></properties><skipped type="pytest.skip" message="Operation not supported on following platform/target combination: {'ttmetal'}.">/__w/tt-mlir/tt-mlir/test/python/golden/test_ttir_ops.py:2255: Operation not supported on following platform/target combination: {'ttmetal'}.</skipped></testcase><testcase classname="test_ttir_ops" name="test_unary_ops[tanh-ttnn-f32-128x128]" time="0.024"><properties><property name="input_shapes" value="[[128, 128]]" /><property name="input_dtypes" value="['f32']" /><property name="op_name" value="tanh" /><property name="framework_op_name" value="tanh" /><property name="backend" value="ttnn" /><property name="frontend" value="ttir" /><property name="failure_stage" value="success" /></properties></testcase><testcase classname="test_ttir_ops" name="test_unary_ops[tanh-ttnn-standalone-f32-128x128]" time="0.031"><properties><property name="input_shapes" value="[[128, 128]]" /><property name="input_dtypes" value="['f32']" /><property name="op_name" value="tanh" /><property name="framework_op_name" value="tanh" /><property name="backend" value="ttnn-standalone" /><property name="frontend" value="ttir" /><property name="failure_stage" value="success" /></properties></testcase><testcase classname="test_ttir_ops" name="test_unary_ops_int32[abs-ttnn-i32-128x128]" time="0.024"><properties><property name="input_shapes" value="[[128, 128]]" /><property name="input_dtypes" value="['i32']" /><property name="op_name" value="abs" /><property name="framework_op_name" value="abs" /><property name="backend" value="ttnn" /><property name="frontend" value="ttir" /><property name="failure_stage" value="success" /></properties></testcase><testcase classname="test_ttir_ops" name="test_unary_ops_int32[get_dimension_size-ttnn-i32-128x128]" time="0.023"><properties><property name="input_shapes" value="[[128, 128]]" /><property name="input_dtypes" value="['i32']" /><property name="op_name" value="get_dimension_size" /><property name="framework_op_name" value="get_dimension_size" /><property name="backend" value="ttnn" /><property name="frontend" value="ttir" /><property name="failure_stage" value="success" /></properties></testcase><testcase classname="test_ttir_ops" name="test_unary_ops_int32[max-ttnn-i32-128x128]" time="0.008"><properties><property name="input_shapes" value="[[128, 128]]" /><property name="input_dtypes" value="['i32']" /><property name="op_name" value="max" /><property name="framework_op_name" value="max" /><property name="backend" value="ttnn" /><property name="frontend" value="ttir" /></properties><skipped type="pytest.skip" message="Max does not support int32 input. Issue: https://github.com/tenstorrent/tt-metal/issues/26726">/__w/tt-mlir/tt-mlir/test/python/golden/test_ttir_ops.py:2310: Max does not support int32 input. Issue: https://github.com/tenstorrent/tt-metal/issues/26726</skipped></testcase><testcase classname="test_ttir_ops" name="test_unary_ops_int32[min-ttnn-i32-128x128]" time="0.000"><properties><property name="input_shapes" value="[[128, 128]]" /><property name="input_dtypes" value="['i32']" /><property name="op_name" value="min" /><property name="framework_op_name" value="min" /><property name="backend" value="ttnn" /><property name="frontend" value="ttir" /></properties><skipped type="pytest.skip" message="Min does not support int32 input. Issue: https://github.com/tenstorrent/tt-metal/issues/26726">/__w/tt-mlir/tt-mlir/test/python/golden/test_ttir_ops.py:2310: Min does not support int32 input. Issue: https://github.com/tenstorrent/tt-metal/issues/26726</skipped></testcase><testcase classname="test_ttir_ops" name="test_unary_ops_int32[neg-ttnn-i32-128x128]" time="0.025"><properties><property name="input_shapes" value="[[128, 128]]" /><property name="input_dtypes" value="['i32']" /><property name="op_name" value="neg" /><property name="framework_op_name" value="neg" /><property name="backend" value="ttnn" /><property name="frontend" value="ttir" /><property name="failure_stage" value="success" /></properties></testcase><testcase classname="test_ttir_ops" name="test_unary_ops_int32[relu-ttnn-i32-128x128]" time="0.000"><properties><property name="input_shapes" value="[[128, 128]]" /><property name="input_dtypes" value="['i32']" /><property name="op_name" value="relu" /><property name="framework_op_name" value="relu" /><property name="backend" value="ttnn" /><property name="frontend" value="ttir" /></properties><skipped type="pytest.skip" message="Relu does not support int32 input. Issue: https://github.com/tenstorrent/tt-metal/issues/26719">/__w/tt-mlir/tt-mlir/test/python/golden/test_ttir_ops.py:2310: Relu does not support int32 input. Issue: https://github.com/tenstorrent/tt-metal/issues/26719</skipped></testcase><testcase classname="test_ttir_ops" name="test_unary_ops_int32[sum-ttnn-i32-128x128]" time="0.000"><properties><property name="input_shapes" value="[[128, 128]]" /><property name="input_dtypes" value="['i32']" /><property name="op_name" value="sum" /><property name="framework_op_name" value="sum" /><property name="backend" value="ttnn" /><property name="frontend" value="ttir" /></properties><skipped type="pytest.skip" message="Sum does not support int32 input. Issue: https://github.com/tenstorrent/tt-metal/issues/26724">/__w/tt-mlir/tt-mlir/test/python/golden/test_ttir_ops.py:2310: Sum does not support int32 input. Issue: https://github.com/tenstorrent/tt-metal/issues/26724</skipped></testcase><testcase classname="test_ttir_ops" name="test_unique_ops[embedding-inputs_shapes2-inputs_dtypes2]" time="0.031"><properties><property name="input_shapes" value="[[33, 32], [512, 128]]" /><property name="input_dtypes" value="['f32', 'f32']" /><property name="op_name" value="embedding" /><property name="framework_op_name" value="embedding" /><property name="backend" value="ttnn" /><property name="frontend" value="ttir" /><property name="failure_stage" value="success" /></properties></testcase><testcase classname="test_ttir_ops" name="test_unique_ops[reshape-inputs_shapes1-inputs_dtypes1]" time="0.024"><properties><property name="input_shapes" value="[[64, 32]]" /><property name="input_dtypes" value="['f32']" /><property name="op_name" value="reshape" /><property name="framework_op_name" value="reshape" /><property name="backend" value="ttnn" /><property name="frontend" value="ttir" /><property name="failure_stage" value="success" /></properties></testcase><testcase classname="test_ttir_ops" name="test_unique_ops[transpose-inputs_shapes0-inputs_dtypes0]" time="0.023"><properties><property name="input_shapes" value="[[64, 32]]" /><property name="input_dtypes" value="['f32']" /><property name="op_name" value="transpose" /><property name="framework_op_name" value="transpose" /><property name="backend" value="ttnn" /><property name="frontend" value="ttir" /><property name="failure_stage" value="success" /></properties></testcase><testcase classname="test_ttir_ops" name="test_unsqueeze[0-shape0]" time="0.031"><properties><property name="input_shapes" value="[[128, 128]]" /><property name="input_dtypes" value="['f32']" /><property name="op_name" value="unsqueeze" /><property name="framework_op_name" value="unsqueeze" /><property name="backend" value="ttnn" /><property name="param_dim" value="0" /><property name="frontend" value="ttir" /><property name="failure_stage" value="success" /></properties></testcase><testcase classname="test_ttir_ops" name="test_upsample2d[scale_factor0-shapes0]" time="0.037"><properties><property name="input_shapes" value="[[10, 64, 32, 3], [10, 128, 128, 3]]" /><property name="input_dtypes" value="['f32', 'f32']" /><property name="op_name" value="upsample2d" /><property name="framework_op_name" value="upsample2d" /><property name="backend" value="ttnn" /><property name="param_scale_factor" value="[2, 4]" /><property name="frontend" value="ttir" /><property name="failure_stage" value="success" /></properties></testcase><testcase classname="test_ttir_ops" name="test_zeros[bf16-128x128]" time="0.027"><properties><property name="input_shapes" value="[[128, 128]]" /><property name="input_dtypes" value="['bf16']" /><property name="op_name" value="zeros" /><property name="framework_op_name" value="zeros" /><property name="backend" value="ttnn" /><property name="frontend" value="ttir" /><property name="failure_stage" value="success" /></properties></testcase><testcase classname="test_ttir_ops" name="test_zeros[f32-128x128]" time="0.023"><properties><property name="input_shapes" value="[[128, 128]]" /><property name="input_dtypes" value="['f32']" /><property name="op_name" value="zeros" /><property name="framework_op_name" value="zeros" /><property name="backend" value="ttnn" /><property name="frontend" value="ttir" /><property name="failure_stage" value="success" /></properties></testcase><testcase classname="test_ttir_ops" name="test_zeros[i32-128x128]" time="0.022"><properties><property name="input_shapes" value="[[128, 128]]" /><property name="input_dtypes" value="['i32']" /><property name="op_name" value="zeros" /><property name="framework_op_name" value="zeros" /><property name="backend" value="ttnn" /><property name="frontend" value="ttir" /><property name="failure_stage" value="success" /></properties></testcase></testsuite></testsuites>
